<?xml version="1.0" encoding="UTF-8"?>
<!-- Generated by org.testng.reporters.JUnitXMLReporter -->
<testsuite ignored="0" hostname="DESKTOP-5S42HBC" failures="0" tests="3" name="Tests runner -Chrome" time="103.835" errors="0" timestamp="2021-08-19T13:09:38 IST">
  <testcase classname="Test.vtiger.TC_11" name="TC_11Test" time="20.119"/>
  <testcase classname="Test.vtiger.TC_10" name="CreatingNewOpportunityPageTest" time="25.593"/>
  <testcase classname="Test.vtiger.TC_13" name="TC_13Test" time="21.412"/>
</testsuite> <!-- Tests runner -Chrome -->
